<?xml version="1.0" encoding="UTF-8"?>
<testng-results skipped="0" failed="0" total="0" passed="0">
  <reporter-output>
  </reporter-output>
  <suite name="geoTweet.AppTest" duration-ms="4" started-at="2016-05-07T23:09:55Z" finished-at="2016-05-07T23:09:55Z">
    <groups>
    </groups>
    <test name="Command line test" duration-ms="4" started-at="2016-05-07T23:09:55Z" finished-at="2016-05-07T23:09:55Z">
    </test> <!-- Command line test -->
  </suite> <!-- geoTweet.AppTest -->
</testng-results>
